<?xml version="1.0" encoding="UTF-8"?>
<testsuite name="com.mindex.challenge.service.impl.EmployeeServiceImplTest" tests="1" skipped="0" failures="0" errors="0" timestamp="2023-02-24T04:04:43" hostname="LAPTOP-R4158RL4" time="0.027">
  <properties/>
  <testcase name="testCreateReadUpdate" classname="com.mindex.challenge.service.impl.EmployeeServiceImplTest" time="0.027"/>
  <system-out><![CDATA[2023-02-23 23:04:43.178  INFO 7196 --- [    Test worker] .b.t.c.SpringBootTestContextBootstrapper : Neither @ContextConfiguration nor @ContextHierarchy found for test class [com.mindex.challenge.service.impl.EmployeeServiceImplTest], using SpringBootContextLoader
2023-02-23 23:04:43.179  INFO 7196 --- [    Test worker] o.s.t.c.support.AbstractContextLoader    : Could not detect default resource locations for test class [com.mindex.challenge.service.impl.EmployeeServiceImplTest]: no resource found for suffixes {-context.xml, Context.groovy}.
2023-02-23 23:04:43.179  INFO 7196 --- [    Test worker] t.c.s.AnnotationConfigContextLoaderUtils : Could not detect default configuration classes for test class [com.mindex.challenge.service.impl.EmployeeServiceImplTest]: EmployeeServiceImplTest does not declare any static, non-private, non-final, nested classes annotated with @Configuration.
2023-02-23 23:04:43.180  INFO 7196 --- [    Test worker] .b.t.c.SpringBootTestContextBootstrapper : Found @SpringBootConfiguration com.mindex.challenge.ChallengeApplication for test class com.mindex.challenge.service.impl.EmployeeServiceImplTest
2023-02-23 23:04:43.181  INFO 7196 --- [    Test worker] .b.t.c.SpringBootTestContextBootstrapper : Loaded default TestExecutionListener class names from location [META-INF/spring.factories]: [org.springframework.boot.test.autoconfigure.restdocs.RestDocsTestExecutionListener, org.springframework.boot.test.autoconfigure.web.client.MockRestServiceServerResetTestExecutionListener, org.springframework.boot.test.autoconfigure.web.servlet.MockMvcPrintOnlyOnFailureTestExecutionListener, org.springframework.boot.test.autoconfigure.web.servlet.WebDriverTestExecutionListener, org.springframework.boot.test.mock.mockito.MockitoTestExecutionListener, org.springframework.boot.test.mock.mockito.ResetMocksTestExecutionListener, org.springframework.test.context.web.ServletTestExecutionListener, org.springframework.test.context.support.DirtiesContextBeforeModesTestExecutionListener, org.springframework.test.context.support.DependencyInjectionTestExecutionListener, org.springframework.test.context.support.DirtiesContextTestExecutionListener, org.springframework.test.context.transaction.TransactionalTestExecutionListener, org.springframework.test.context.jdbc.SqlScriptsTestExecutionListener, org.springframework.test.context.event.EventPublishingTestExecutionListener]
2023-02-23 23:04:43.183  INFO 7196 --- [    Test worker] .b.t.c.SpringBootTestContextBootstrapper : Using TestExecutionListeners: [org.springframework.test.context.web.ServletTestExecutionListener@7592dea0, org.springframework.test.context.support.DirtiesContextBeforeModesTestExecutionListener@31aa96ef, org.springframework.boot.test.mock.mockito.MockitoTestExecutionListener@45dd1163, org.springframework.boot.test.autoconfigure.SpringBootDependencyInjectionTestExecutionListener@1557a267, org.springframework.test.context.support.DirtiesContextTestExecutionListener@76d309b3, org.springframework.test.context.transaction.TransactionalTestExecutionListener@13abf468, org.springframework.test.context.jdbc.SqlScriptsTestExecutionListener@3e50a977, org.springframework.test.context.event.EventPublishingTestExecutionListener@163c6040, org.springframework.boot.test.autoconfigure.restdocs.RestDocsTestExecutionListener@784c7da5, org.springframework.boot.test.autoconfigure.web.client.MockRestServiceServerResetTestExecutionListener@3408ce70, org.springframework.boot.test.autoconfigure.web.servlet.MockMvcPrintOnlyOnFailureTestExecutionListener@f28c297, org.springframework.boot.test.autoconfigure.web.servlet.WebDriverTestExecutionListener@7a639d52, org.springframework.boot.test.mock.mockito.ResetMocksTestExecutionListener@61d966ee]
2023-02-23 23:04:43.194 DEBUG 7196 --- [o-auto-1-exec-5] c.m.c.controller.EmployeeController      : Received employee create request for [Employee{employeeId='null', firstName='John', lastName='Doe', position='Developer', department='Engineering', directReports=null}]
2023-02-23 23:04:43.196 DEBUG 7196 --- [o-auto-1-exec-5] c.m.c.service.impl.EmployeeServiceImpl   : Creating employee [Employee{employeeId='null', firstName='John', lastName='Doe', position='Developer', department='Engineering', directReports=null}]
2023-02-23 23:04:43.202 DEBUG 7196 --- [o-auto-1-exec-7] c.m.c.controller.EmployeeController      : Received employee create request for id [f58946cd-bcc8-4288-942d-9cca475134a4]
2023-02-23 23:04:43.202 DEBUG 7196 --- [o-auto-1-exec-7] c.m.c.service.impl.EmployeeServiceImpl   : Creating employee with id [f58946cd-bcc8-4288-942d-9cca475134a4]
2023-02-23 23:04:43.208 DEBUG 7196 --- [o-auto-1-exec-4] c.m.c.controller.EmployeeController      : Received employee create request for id [f58946cd-bcc8-4288-942d-9cca475134a4] and employee [Employee{employeeId='f58946cd-bcc8-4288-942d-9cca475134a4', firstName='John', lastName='Doe', position='Development Manager', department='Engineering', directReports=null}]
2023-02-23 23:04:43.208 DEBUG 7196 --- [o-auto-1-exec-4] c.m.c.service.impl.EmployeeServiceImpl   : Updating employee [Employee{employeeId='f58946cd-bcc8-4288-942d-9cca475134a4', firstName='John', lastName='Doe', position='Development Manager', department='Engineering', directReports=null}]
]]></system-out>
  <system-err><![CDATA[]]></system-err>
</testsuite>
