<?xml version="1.0" encoding="UTF-8"?>
<testsuite name="com.mindex.challenge.service.impl.EmployeeServiceImplTest" tests="1" skipped="0" failures="0" errors="0" timestamp="2023-02-22T12:57:20" hostname="LAPTOP-R4158RL4" time="0.032">
  <properties/>
  <testcase name="testCreateReadUpdate" classname="com.mindex.challenge.service.impl.EmployeeServiceImplTest" time="0.032"/>
  <system-out><![CDATA[2023-02-22 07:57:20.704  INFO 14684 --- [    Test worker] .b.t.c.SpringBootTestContextBootstrapper : Neither @ContextConfiguration nor @ContextHierarchy found for test class [com.mindex.challenge.service.impl.EmployeeServiceImplTest], using SpringBootContextLoader
2023-02-22 07:57:20.705  INFO 14684 --- [    Test worker] o.s.t.c.support.AbstractContextLoader    : Could not detect default resource locations for test class [com.mindex.challenge.service.impl.EmployeeServiceImplTest]: no resource found for suffixes {-context.xml, Context.groovy}.
2023-02-22 07:57:20.705  INFO 14684 --- [    Test worker] t.c.s.AnnotationConfigContextLoaderUtils : Could not detect default configuration classes for test class [com.mindex.challenge.service.impl.EmployeeServiceImplTest]: EmployeeServiceImplTest does not declare any static, non-private, non-final, nested classes annotated with @Configuration.
2023-02-22 07:57:20.707  INFO 14684 --- [    Test worker] .b.t.c.SpringBootTestContextBootstrapper : Found @SpringBootConfiguration com.mindex.challenge.ChallengeApplication for test class com.mindex.challenge.service.impl.EmployeeServiceImplTest
2023-02-22 07:57:20.708  INFO 14684 --- [    Test worker] .b.t.c.SpringBootTestContextBootstrapper : Loaded default TestExecutionListener class names from location [META-INF/spring.factories]: [org.springframework.boot.test.autoconfigure.restdocs.RestDocsTestExecutionListener, org.springframework.boot.test.autoconfigure.web.client.MockRestServiceServerResetTestExecutionListener, org.springframework.boot.test.autoconfigure.web.servlet.MockMvcPrintOnlyOnFailureTestExecutionListener, org.springframework.boot.test.autoconfigure.web.servlet.WebDriverTestExecutionListener, org.springframework.boot.test.mock.mockito.MockitoTestExecutionListener, org.springframework.boot.test.mock.mockito.ResetMocksTestExecutionListener, org.springframework.test.context.web.ServletTestExecutionListener, org.springframework.test.context.support.DirtiesContextBeforeModesTestExecutionListener, org.springframework.test.context.support.DependencyInjectionTestExecutionListener, org.springframework.test.context.support.DirtiesContextTestExecutionListener, org.springframework.test.context.transaction.TransactionalTestExecutionListener, org.springframework.test.context.jdbc.SqlScriptsTestExecutionListener, org.springframework.test.context.event.EventPublishingTestExecutionListener]
2023-02-22 07:57:20.709  INFO 14684 --- [    Test worker] .b.t.c.SpringBootTestContextBootstrapper : Using TestExecutionListeners: [org.springframework.test.context.web.ServletTestExecutionListener@d6e5cc5, org.springframework.test.context.support.DirtiesContextBeforeModesTestExecutionListener@581adba1, org.springframework.boot.test.mock.mockito.MockitoTestExecutionListener@32156ae9, org.springframework.boot.test.autoconfigure.SpringBootDependencyInjectionTestExecutionListener@5653dc7, org.springframework.test.context.support.DirtiesContextTestExecutionListener@7a92c1da, org.springframework.test.context.transaction.TransactionalTestExecutionListener@745bdafa, org.springframework.test.context.jdbc.SqlScriptsTestExecutionListener@6d00b4ba, org.springframework.test.context.event.EventPublishingTestExecutionListener@41a737d8, org.springframework.boot.test.autoconfigure.restdocs.RestDocsTestExecutionListener@2dd7b227, org.springframework.boot.test.autoconfigure.web.client.MockRestServiceServerResetTestExecutionListener@7f1216d, org.springframework.boot.test.autoconfigure.web.servlet.MockMvcPrintOnlyOnFailureTestExecutionListener@6f3ce04d, org.springframework.boot.test.autoconfigure.web.servlet.WebDriverTestExecutionListener@175d0385, org.springframework.boot.test.mock.mockito.ResetMocksTestExecutionListener@70bcdc3]
2023-02-22 07:57:20.717 DEBUG 14684 --- [o-auto-1-exec-6] c.m.c.controller.EmployeeController      : Received employee create request for [Employee{employeeId='null', firstName='John', lastName='Doe', position='Developer', department='Engineering', directReports=null}]
2023-02-22 07:57:20.719 DEBUG 14684 --- [o-auto-1-exec-6] c.m.c.service.impl.EmployeeServiceImpl   : Creating employee [Employee{employeeId='null', firstName='John', lastName='Doe', position='Developer', department='Engineering', directReports=null}]
2023-02-22 07:57:20.726 DEBUG 14684 --- [o-auto-1-exec-5] c.m.c.controller.EmployeeController      : Received employee create request for id [232b988d-4cd4-4eb3-8b61-7e2aac794321]
2023-02-22 07:57:20.726 DEBUG 14684 --- [o-auto-1-exec-5] c.m.c.service.impl.EmployeeServiceImpl   : Creating employee with id [232b988d-4cd4-4eb3-8b61-7e2aac794321]
2023-02-22 07:57:20.737 DEBUG 14684 --- [o-auto-1-exec-7] c.m.c.controller.EmployeeController      : Received employee create request for id [232b988d-4cd4-4eb3-8b61-7e2aac794321] and employee [Employee{employeeId='232b988d-4cd4-4eb3-8b61-7e2aac794321', firstName='John', lastName='Doe', position='Development Manager', department='Engineering', directReports=null}]
2023-02-22 07:57:20.737 DEBUG 14684 --- [o-auto-1-exec-7] c.m.c.service.impl.EmployeeServiceImpl   : Updating employee [Employee{employeeId='232b988d-4cd4-4eb3-8b61-7e2aac794321', firstName='John', lastName='Doe', position='Development Manager', department='Engineering', directReports=null}]
]]></system-out>
  <system-err><![CDATA[]]></system-err>
</testsuite>
