<?xml version="1.0" encoding="UTF-8"?>
<testsuite name="com.mindex.challenge.service.impl.CompensationServiceImplTest" tests="2" skipped="0" failures="0" errors="0" timestamp="2023-02-24T04:04:42" hostname="LAPTOP-R4158RL4" time="0.388">
  <properties/>
  <testcase name="testOneCreateReadCompensation" classname="com.mindex.challenge.service.impl.CompensationServiceImplTest" time="0.366"/>
  <testcase name="testTwoCreateReadCompensation" classname="com.mindex.challenge.service.impl.CompensationServiceImplTest" time="0.021"/>
  <system-out><![CDATA[2023-02-23 23:04:41.759  INFO 7196 --- [    Test worker] .b.t.c.SpringBootTestContextBootstrapper : Neither @ContextConfiguration nor @ContextHierarchy found for test class [com.mindex.challenge.service.impl.CompensationServiceImplTest], using SpringBootContextLoader
2023-02-23 23:04:41.760  INFO 7196 --- [    Test worker] o.s.t.c.support.AbstractContextLoader    : Could not detect default resource locations for test class [com.mindex.challenge.service.impl.CompensationServiceImplTest]: no resource found for suffixes {-context.xml, Context.groovy}.
2023-02-23 23:04:41.760  INFO 7196 --- [    Test worker] t.c.s.AnnotationConfigContextLoaderUtils : Could not detect default configuration classes for test class [com.mindex.challenge.service.impl.CompensationServiceImplTest]: CompensationServiceImplTest does not declare any static, non-private, non-final, nested classes annotated with @Configuration.
2023-02-23 23:04:41.765  INFO 7196 --- [    Test worker] .b.t.c.SpringBootTestContextBootstrapper : Found @SpringBootConfiguration com.mindex.challenge.ChallengeApplication for test class com.mindex.challenge.service.impl.CompensationServiceImplTest
2023-02-23 23:04:41.766  INFO 7196 --- [    Test worker] .b.t.c.SpringBootTestContextBootstrapper : Loaded default TestExecutionListener class names from location [META-INF/spring.factories]: [org.springframework.boot.test.autoconfigure.restdocs.RestDocsTestExecutionListener, org.springframework.boot.test.autoconfigure.web.client.MockRestServiceServerResetTestExecutionListener, org.springframework.boot.test.autoconfigure.web.servlet.MockMvcPrintOnlyOnFailureTestExecutionListener, org.springframework.boot.test.autoconfigure.web.servlet.WebDriverTestExecutionListener, org.springframework.boot.test.mock.mockito.MockitoTestExecutionListener, org.springframework.boot.test.mock.mockito.ResetMocksTestExecutionListener, org.springframework.test.context.web.ServletTestExecutionListener, org.springframework.test.context.support.DirtiesContextBeforeModesTestExecutionListener, org.springframework.test.context.support.DependencyInjectionTestExecutionListener, org.springframework.test.context.support.DirtiesContextTestExecutionListener, org.springframework.test.context.transaction.TransactionalTestExecutionListener, org.springframework.test.context.jdbc.SqlScriptsTestExecutionListener, org.springframework.test.context.event.EventPublishingTestExecutionListener]
2023-02-23 23:04:41.766  INFO 7196 --- [    Test worker] .b.t.c.SpringBootTestContextBootstrapper : Using TestExecutionListeners: [org.springframework.test.context.web.ServletTestExecutionListener@b6a563a, org.springframework.test.context.support.DirtiesContextBeforeModesTestExecutionListener@45b41a8f, org.springframework.boot.test.mock.mockito.MockitoTestExecutionListener@62253a62, org.springframework.boot.test.autoconfigure.SpringBootDependencyInjectionTestExecutionListener@2362a4d1, org.springframework.test.context.support.DirtiesContextTestExecutionListener@7ae0ed01, org.springframework.test.context.transaction.TransactionalTestExecutionListener@1fe5f0b0, org.springframework.test.context.jdbc.SqlScriptsTestExecutionListener@54583f04, org.springframework.test.context.event.EventPublishingTestExecutionListener@62aa4d72, org.springframework.boot.test.autoconfigure.restdocs.RestDocsTestExecutionListener@1fdf2cc3, org.springframework.boot.test.autoconfigure.web.client.MockRestServiceServerResetTestExecutionListener@2f0f2ff8, org.springframework.boot.test.autoconfigure.web.servlet.MockMvcPrintOnlyOnFailureTestExecutionListener@3aba9502, org.springframework.boot.test.autoconfigure.web.servlet.WebDriverTestExecutionListener@a4b8efa, org.springframework.boot.test.mock.mockito.ResetMocksTestExecutionListener@6c940244]

  .   ____          _            __ _ _
 /\\ / ___'_ __ _ _(_)_ __  __ _ \ \ \ \
( ( )\___ | '_ | '_| | '_ \/ _` | \ \ \ \
 \\/  ___)| |_)| | | | | || (_| |  ) ) ) )
  '  |____| .__|_| |_|_| |_\__, | / / / /
 =========|_|==============|___/=/_/_/_/
 :: Spring Boot ::        (v2.2.0.RELEASE)

2023-02-23 23:04:41.797  INFO 7196 --- [    Test worker] c.m.c.s.i.CompensationServiceImplTest    : Starting CompensationServiceImplTest on LAPTOP-R4158RL4 with PID 7196 (started by Greg in C:\Users\Greg\workspace\mindex-java-code-challenge)
2023-02-23 23:04:41.797 DEBUG 7196 --- [    Test worker] c.m.c.s.i.CompensationServiceImplTest    : Running with Spring Boot v2.2.0.RELEASE, Spring v5.2.0.RELEASE
2023-02-23 23:04:41.797  INFO 7196 --- [    Test worker] c.m.c.s.i.CompensationServiceImplTest    : No active profile set, falling back to default profiles: default
2023-02-23 23:04:41.888  INFO 7196 --- [    Test worker] .s.d.r.c.RepositoryConfigurationDelegate : Bootstrapping Spring Data repositories in DEFAULT mode.
2023-02-23 23:04:41.892  INFO 7196 --- [    Test worker] .s.d.r.c.RepositoryConfigurationDelegate : Finished Spring Data repository scanning in 4ms. Found 2 repository interfaces.
2023-02-23 23:04:42.172  INFO 7196 --- [    Test worker] o.s.b.w.embedded.tomcat.TomcatWebServer  : Tomcat initialized with port(s): 0 (http)
2023-02-23 23:04:42.183  INFO 7196 --- [    Test worker] o.apache.catalina.core.StandardService   : Starting service [Tomcat]
2023-02-23 23:04:42.183  INFO 7196 --- [    Test worker] org.apache.catalina.core.StandardEngine  : Starting Servlet engine: [Apache Tomcat/9.0.27]
2023-02-23 23:04:42.280  INFO 7196 --- [    Test worker] o.a.c.c.C.[Tomcat].[localhost].[/]       : Initializing Spring embedded WebApplicationContext
2023-02-23 23:04:42.281  INFO 7196 --- [    Test worker] o.s.web.context.ContextLoader            : Root WebApplicationContext: initialization completed in 481 ms
2023-02-23 23:04:42.411  INFO 7196 --- [    Test worker] de.bwaldvogel.mongo.MongoServer          : started MongoServer(port: 52245, ssl: false)
2023-02-23 23:04:42.413  INFO 7196 --- [    Test worker] org.mongodb.driver.cluster               : Cluster created with settings {hosts=[127.0.0.1:52245], mode=SINGLE, requiredClusterType=UNKNOWN, serverSelectionTimeout='30000 ms', maxWaitQueueSize=500}
2023-02-23 23:04:42.416  INFO 7196 --- [-server-worker1] d.b.mongo.wire.MongoWireProtocolHandler  : client [id: 0x1a352870, L:/127.0.0.1:52245 - R:/127.0.0.1:52246] connected
2023-02-23 23:04:42.419  WARN 7196 --- [    Test worker] o.s.data.convert.CustomConversions       : Registering converter from class java.time.LocalDateTime to class java.time.Instant as reading converter although it doesn't convert from a store-supported type! You might wanna check you annotation setup at the converter implementation.
2023-02-23 23:04:42.419  WARN 7196 --- [    Test worker] o.s.data.convert.CustomConversions       : Registering converter from class java.time.Instant to class java.time.LocalDateTime as reading converter although it doesn't convert from a store-supported type! You might wanna check you annotation setup at the converter implementation.
2023-02-23 23:04:42.420  WARN 7196 --- [    Test worker] o.s.data.convert.CustomConversions       : Registering converter from class java.time.LocalDateTime to class java.time.Instant as reading converter although it doesn't convert from a store-supported type! You might wanna check you annotation setup at the converter implementation.
2023-02-23 23:04:42.420  WARN 7196 --- [    Test worker] o.s.data.convert.CustomConversions       : Registering converter from class java.time.Instant to class java.time.LocalDateTime as reading converter although it doesn't convert from a store-supported type! You might wanna check you annotation setup at the converter implementation.
2023-02-23 23:04:42.423  INFO 7196 --- [127.0.0.1:52245] org.mongodb.driver.connection            : Opened connection [connectionId{localValue:3}] to 127.0.0.1:52245
2023-02-23 23:04:42.424  INFO 7196 --- [127.0.0.1:52245] org.mongodb.driver.cluster               : Monitor thread successfully connected to server with description ServerDescription{address=127.0.0.1:52245, type=STANDALONE, state=CONNECTED, ok=true, version=ServerVersion{versionList=[3, 0, 0]}, minWireVersion=0, maxWireVersion=2, maxDocumentSize=16777216, logicalSessionTimeoutMinutes=null, roundTripTimeNanos=845900}
2023-02-23 23:04:42.471  INFO 7196 --- [-server-worker2] d.b.mongo.wire.MongoWireProtocolHandler  : client [id: 0xa9ce6bf1, L:/127.0.0.1:52245 - R:/127.0.0.1:52247] connected
2023-02-23 23:04:42.478  INFO 7196 --- [    Test worker] org.mongodb.driver.connection            : Opened connection [connectionId{localValue:4}] to 127.0.0.1:52245
2023-02-23 23:04:42.479  INFO 7196 --- [-server-worker2] d.b.mongo.backend.AbstractMongoBackend   : created database test
2023-02-23 23:04:42.479  INFO 7196 --- [-server-worker2] d.b.mongo.backend.AbstractMongoDatabase  : adding unique _id index for collection employee
2023-02-23 23:04:42.479  INFO 7196 --- [-server-worker2] d.b.mongo.backend.AbstractMongoDatabase  : created collection test.employee
2023-02-23 23:04:42.611  INFO 7196 --- [    Test worker] o.s.s.concurrent.ThreadPoolTaskExecutor  : Initializing ExecutorService 'applicationTaskExecutor'
2023-02-23 23:04:42.708  WARN 7196 --- [    Test worker] o.s.data.convert.CustomConversions       : Registering converter from class java.time.LocalDateTime to class java.time.Instant as reading converter although it doesn't convert from a store-supported type! You might wanna check you annotation setup at the converter implementation.
2023-02-23 23:04:42.708  WARN 7196 --- [    Test worker] o.s.data.convert.CustomConversions       : Registering converter from class java.time.Instant to class java.time.LocalDateTime as reading converter although it doesn't convert from a store-supported type! You might wanna check you annotation setup at the converter implementation.
2023-02-23 23:04:42.716  WARN 7196 --- [    Test worker] o.s.data.convert.CustomConversions       : Registering converter from class java.time.LocalDateTime to class java.time.Instant as reading converter although it doesn't convert from a store-supported type! You might wanna check you annotation setup at the converter implementation.
2023-02-23 23:04:42.717  WARN 7196 --- [    Test worker] o.s.data.convert.CustomConversions       : Registering converter from class java.time.Instant to class java.time.LocalDateTime as reading converter although it doesn't convert from a store-supported type! You might wanna check you annotation setup at the converter implementation.
2023-02-23 23:04:42.784  INFO 7196 --- [    Test worker] o.s.b.w.embedded.tomcat.TomcatWebServer  : Tomcat started on port(s): 52248 (http) with context path ''
2023-02-23 23:04:42.785  INFO 7196 --- [    Test worker] c.m.c.s.i.CompensationServiceImplTest    : Started CompensationServiceImplTest in 1.017 seconds (JVM running for 5.109)
2023-02-23 23:04:42.790 DEBUG 7196 --- [    Test worker] c.m.c.service.impl.EmployeeServiceImpl   : Creating employee with id [b7839309-3348-463b-a7e3-5de1c168beb3]
2023-02-23 23:04:42.972  INFO 7196 --- [o-auto-1-exec-1] o.a.c.c.C.[Tomcat].[localhost].[/]       : Initializing Spring DispatcherServlet 'dispatcherServlet'
2023-02-23 23:04:42.972  INFO 7196 --- [o-auto-1-exec-1] o.s.web.servlet.DispatcherServlet        : Initializing Servlet 'dispatcherServlet'
2023-02-23 23:04:42.992  INFO 7196 --- [o-auto-1-exec-1] o.s.web.servlet.DispatcherServlet        : Completed initialization in 20 ms
2023-02-23 23:04:43.108 DEBUG 7196 --- [o-auto-1-exec-1] c.m.c.controller.CompensationController  : Received compensation create request for [Compensation{employee=Employee{employeeId='b7839309-3348-463b-a7e3-5de1c168beb3', firstName='Paul', lastName='McCartney', position='Developer I', department='Engineering', directReports=null}, salary=80000, effectiveDate=2023-03-06}]
2023-02-23 23:04:43.111 DEBUG 7196 --- [o-auto-1-exec-1] c.m.c.s.impl.CompensationServiceImpl     : Creating compensation [Compensation{employee=Employee{employeeId='b7839309-3348-463b-a7e3-5de1c168beb3', firstName='Paul', lastName='McCartney', position='Developer I', department='Engineering', directReports=null}, salary=80000, effectiveDate=2023-03-06}]
2023-02-23 23:04:43.120  INFO 7196 --- [-server-worker2] d.b.mongo.backend.AbstractMongoDatabase  : adding unique _id index for collection compensation
2023-02-23 23:04:43.121  INFO 7196 --- [-server-worker2] d.b.mongo.backend.AbstractMongoDatabase  : created collection test.compensation
2023-02-23 23:04:43.144 DEBUG 7196 --- [o-auto-1-exec-2] c.m.c.controller.CompensationController  : Received compensation read request for employee id: [b7839309-3348-463b-a7e3-5de1c168beb3]
2023-02-23 23:04:43.144 DEBUG 7196 --- [o-auto-1-exec-2] c.m.c.s.impl.CompensationServiceImpl     : Reading compensation for employee Id: [b7839309-3348-463b-a7e3-5de1c168beb3]
2023-02-23 23:04:43.144 DEBUG 7196 --- [o-auto-1-exec-2] c.m.c.service.impl.EmployeeServiceImpl   : Creating employee with id [b7839309-3348-463b-a7e3-5de1c168beb3]
2023-02-23 23:04:43.156 DEBUG 7196 --- [    Test worker] c.m.c.service.impl.EmployeeServiceImpl   : Creating employee with id [03aa1462-ffa9-4978-901b-7c001562cf6f]
2023-02-23 23:04:43.163 DEBUG 7196 --- [o-auto-1-exec-6] c.m.c.controller.CompensationController  : Received compensation create request for [Compensation{employee=Employee{employeeId='03aa1462-ffa9-4978-901b-7c001562cf6f', firstName='Ringo', lastName='Starr', position='Developer V', department='Engineering', directReports=[Employee{employeeId='62c1084e-6e34-4630-93fd-9153afb65309', firstName='null', lastName='null', position='null', department='null', directReports=null}, Employee{employeeId='c0c2293d-16bd-4603-8e08-638a9d18b22c', firstName='null', lastName='null', position='null', department='null', directReports=null}]}, salary=135000, effectiveDate=2023-04-03}]
2023-02-23 23:04:43.165 DEBUG 7196 --- [o-auto-1-exec-6] c.m.c.s.impl.CompensationServiceImpl     : Creating compensation [Compensation{employee=Employee{employeeId='03aa1462-ffa9-4978-901b-7c001562cf6f', firstName='Ringo', lastName='Starr', position='Developer V', department='Engineering', directReports=[Employee{employeeId='62c1084e-6e34-4630-93fd-9153afb65309', firstName='null', lastName='null', position='null', department='null', directReports=null}, Employee{employeeId='c0c2293d-16bd-4603-8e08-638a9d18b22c', firstName='null', lastName='null', position='null', department='null', directReports=null}]}, salary=135000, effectiveDate=2023-04-03}]
2023-02-23 23:04:43.170 DEBUG 7196 --- [o-auto-1-exec-3] c.m.c.controller.CompensationController  : Received compensation read request for employee id: [03aa1462-ffa9-4978-901b-7c001562cf6f]
2023-02-23 23:04:43.170 DEBUG 7196 --- [o-auto-1-exec-3] c.m.c.s.impl.CompensationServiceImpl     : Reading compensation for employee Id: [03aa1462-ffa9-4978-901b-7c001562cf6f]
2023-02-23 23:04:43.170 DEBUG 7196 --- [o-auto-1-exec-3] c.m.c.service.impl.EmployeeServiceImpl   : Creating employee with id [03aa1462-ffa9-4978-901b-7c001562cf6f]
]]></system-out>
  <system-err><![CDATA[]]></system-err>
</testsuite>
