<?xml version="1.0" encoding="UTF-8"?>
<testsuite name="com.mindex.challenge.DataBootstrapTest" tests="1" skipped="0" failures="0" errors="0" timestamp="2023-02-23T20:16:50" hostname="LAPTOP-R4158RL4" time="0.06">
  <properties/>
  <testcase name="test" classname="com.mindex.challenge.DataBootstrapTest" time="0.06"/>
  <system-out><![CDATA[2023-02-23 15:16:50.175  INFO 11524 --- [    Test worker] .b.t.c.SpringBootTestContextBootstrapper : Neither @ContextConfiguration nor @ContextHierarchy found for test class [com.mindex.challenge.DataBootstrapTest], using SpringBootContextLoader
2023-02-23 15:16:50.176  INFO 11524 --- [    Test worker] o.s.t.c.support.AbstractContextLoader    : Could not detect default resource locations for test class [com.mindex.challenge.DataBootstrapTest]: no resource found for suffixes {-context.xml, Context.groovy}.
2023-02-23 15:16:50.176  INFO 11524 --- [    Test worker] t.c.s.AnnotationConfigContextLoaderUtils : Could not detect default configuration classes for test class [com.mindex.challenge.DataBootstrapTest]: DataBootstrapTest does not declare any static, non-private, non-final, nested classes annotated with @Configuration.
2023-02-23 15:16:50.177  INFO 11524 --- [    Test worker] .b.t.c.SpringBootTestContextBootstrapper : Found @SpringBootConfiguration com.mindex.challenge.ChallengeApplication for test class com.mindex.challenge.DataBootstrapTest
2023-02-23 15:16:50.177  INFO 11524 --- [    Test worker] .b.t.c.SpringBootTestContextBootstrapper : Loaded default TestExecutionListener class names from location [META-INF/spring.factories]: [org.springframework.boot.test.autoconfigure.restdocs.RestDocsTestExecutionListener, org.springframework.boot.test.autoconfigure.web.client.MockRestServiceServerResetTestExecutionListener, org.springframework.boot.test.autoconfigure.web.servlet.MockMvcPrintOnlyOnFailureTestExecutionListener, org.springframework.boot.test.autoconfigure.web.servlet.WebDriverTestExecutionListener, org.springframework.boot.test.mock.mockito.MockitoTestExecutionListener, org.springframework.boot.test.mock.mockito.ResetMocksTestExecutionListener, org.springframework.test.context.web.ServletTestExecutionListener, org.springframework.test.context.support.DirtiesContextBeforeModesTestExecutionListener, org.springframework.test.context.support.DependencyInjectionTestExecutionListener, org.springframework.test.context.support.DirtiesContextTestExecutionListener, org.springframework.test.context.transaction.TransactionalTestExecutionListener, org.springframework.test.context.jdbc.SqlScriptsTestExecutionListener, org.springframework.test.context.event.EventPublishingTestExecutionListener]
2023-02-23 15:16:50.178  INFO 11524 --- [    Test worker] .b.t.c.SpringBootTestContextBootstrapper : Using TestExecutionListeners: [org.springframework.test.context.web.ServletTestExecutionListener@6859b098, org.springframework.test.context.support.DirtiesContextBeforeModesTestExecutionListener@73847c62, org.springframework.boot.test.mock.mockito.MockitoTestExecutionListener@494e41d3, org.springframework.boot.test.autoconfigure.SpringBootDependencyInjectionTestExecutionListener@79d6eff9, org.springframework.test.context.support.DirtiesContextTestExecutionListener@5c2e5d2b, org.springframework.test.context.transaction.TransactionalTestExecutionListener@c994da0, org.springframework.test.context.jdbc.SqlScriptsTestExecutionListener@3762d539, org.springframework.test.context.event.EventPublishingTestExecutionListener@79854d0b, org.springframework.boot.test.autoconfigure.restdocs.RestDocsTestExecutionListener@57ec9015, org.springframework.boot.test.autoconfigure.web.client.MockRestServiceServerResetTestExecutionListener@11de2305, org.springframework.boot.test.autoconfigure.web.servlet.MockMvcPrintOnlyOnFailureTestExecutionListener@30b4e71a, org.springframework.boot.test.autoconfigure.web.servlet.WebDriverTestExecutionListener@638a1912, org.springframework.boot.test.mock.mockito.ResetMocksTestExecutionListener@50d5514e]
]]></system-out>
  <system-err><![CDATA[]]></system-err>
</testsuite>
