<?xml version="1.0" encoding="UTF-8"?>
<testsuite name="com.mindex.challenge.DataBootstrapTest" tests="1" skipped="0" failures="0" errors="0" timestamp="2023-02-22T03:32:32" hostname="LAPTOP-R4158RL4" time="0.055">
  <properties/>
  <testcase name="test" classname="com.mindex.challenge.DataBootstrapTest" time="0.055"/>
  <system-out><![CDATA[2023-02-21 22:32:32.238  INFO 6460 --- [    Test worker] .b.t.c.SpringBootTestContextBootstrapper : Neither @ContextConfiguration nor @ContextHierarchy found for test class [com.mindex.challenge.DataBootstrapTest], using SpringBootContextLoader
2023-02-21 22:32:32.239  INFO 6460 --- [    Test worker] o.s.t.c.support.AbstractContextLoader    : Could not detect default resource locations for test class [com.mindex.challenge.DataBootstrapTest]: no resource found for suffixes {-context.xml, Context.groovy}.
2023-02-21 22:32:32.239  INFO 6460 --- [    Test worker] t.c.s.AnnotationConfigContextLoaderUtils : Could not detect default configuration classes for test class [com.mindex.challenge.DataBootstrapTest]: DataBootstrapTest does not declare any static, non-private, non-final, nested classes annotated with @Configuration.
2023-02-21 22:32:32.240  INFO 6460 --- [    Test worker] .b.t.c.SpringBootTestContextBootstrapper : Found @SpringBootConfiguration com.mindex.challenge.ChallengeApplication for test class com.mindex.challenge.DataBootstrapTest
2023-02-21 22:32:32.241  INFO 6460 --- [    Test worker] .b.t.c.SpringBootTestContextBootstrapper : Loaded default TestExecutionListener class names from location [META-INF/spring.factories]: [org.springframework.boot.test.autoconfigure.restdocs.RestDocsTestExecutionListener, org.springframework.boot.test.autoconfigure.web.client.MockRestServiceServerResetTestExecutionListener, org.springframework.boot.test.autoconfigure.web.servlet.MockMvcPrintOnlyOnFailureTestExecutionListener, org.springframework.boot.test.autoconfigure.web.servlet.WebDriverTestExecutionListener, org.springframework.boot.test.mock.mockito.MockitoTestExecutionListener, org.springframework.boot.test.mock.mockito.ResetMocksTestExecutionListener, org.springframework.test.context.web.ServletTestExecutionListener, org.springframework.test.context.support.DirtiesContextBeforeModesTestExecutionListener, org.springframework.test.context.support.DependencyInjectionTestExecutionListener, org.springframework.test.context.support.DirtiesContextTestExecutionListener, org.springframework.test.context.transaction.TransactionalTestExecutionListener, org.springframework.test.context.jdbc.SqlScriptsTestExecutionListener, org.springframework.test.context.event.EventPublishingTestExecutionListener]
2023-02-21 22:32:32.242  INFO 6460 --- [    Test worker] .b.t.c.SpringBootTestContextBootstrapper : Using TestExecutionListeners: [org.springframework.test.context.web.ServletTestExecutionListener@cbb89c0, org.springframework.test.context.support.DirtiesContextBeforeModesTestExecutionListener@1c2f95ab, org.springframework.boot.test.mock.mockito.MockitoTestExecutionListener@7e67be8b, org.springframework.boot.test.autoconfigure.SpringBootDependencyInjectionTestExecutionListener@58662292, org.springframework.test.context.support.DirtiesContextTestExecutionListener@8c355d7, org.springframework.test.context.transaction.TransactionalTestExecutionListener@68211ba9, org.springframework.test.context.jdbc.SqlScriptsTestExecutionListener@2bf163c0, org.springframework.test.context.event.EventPublishingTestExecutionListener@42eaa69e, org.springframework.boot.test.autoconfigure.restdocs.RestDocsTestExecutionListener@50952ef9, org.springframework.boot.test.autoconfigure.web.client.MockRestServiceServerResetTestExecutionListener@30098b11, org.springframework.boot.test.autoconfigure.web.servlet.MockMvcPrintOnlyOnFailureTestExecutionListener@104601b3, org.springframework.boot.test.autoconfigure.web.servlet.WebDriverTestExecutionListener@78f9b73, org.springframework.boot.test.mock.mockito.ResetMocksTestExecutionListener@7e948f9d]
]]></system-out>
  <system-err><![CDATA[]]></system-err>
</testsuite>
