<?xml version="1.0" encoding="UTF-8"?>
<testsuite name="com.mindex.challenge.service.impl.ReportingStructureServiceImplTest" tests="3" skipped="0" failures="0" errors="0" timestamp="2023-02-24T04:04:43" hostname="LAPTOP-R4158RL4" time="0.04">
  <properties/>
  <testcase name="testThreeReadReportingStructure" classname="com.mindex.challenge.service.impl.ReportingStructureServiceImplTest" time="0.018"/>
  <testcase name="testOneReadReportingStructure" classname="com.mindex.challenge.service.impl.ReportingStructureServiceImplTest" time="0.013"/>
  <testcase name="testTwoReadReportingStructure" classname="com.mindex.challenge.service.impl.ReportingStructureServiceImplTest" time="0.008"/>
  <system-out><![CDATA[2023-02-23 23:04:43.214  INFO 7196 --- [    Test worker] .b.t.c.SpringBootTestContextBootstrapper : Neither @ContextConfiguration nor @ContextHierarchy found for test class [com.mindex.challenge.service.impl.ReportingStructureServiceImplTest], using SpringBootContextLoader
2023-02-23 23:04:43.215  INFO 7196 --- [    Test worker] o.s.t.c.support.AbstractContextLoader    : Could not detect default resource locations for test class [com.mindex.challenge.service.impl.ReportingStructureServiceImplTest]: no resource found for suffixes {-context.xml, Context.groovy}.
2023-02-23 23:04:43.215  INFO 7196 --- [    Test worker] t.c.s.AnnotationConfigContextLoaderUtils : Could not detect default configuration classes for test class [com.mindex.challenge.service.impl.ReportingStructureServiceImplTest]: ReportingStructureServiceImplTest does not declare any static, non-private, non-final, nested classes annotated with @Configuration.
2023-02-23 23:04:43.217  INFO 7196 --- [    Test worker] .b.t.c.SpringBootTestContextBootstrapper : Found @SpringBootConfiguration com.mindex.challenge.ChallengeApplication for test class com.mindex.challenge.service.impl.ReportingStructureServiceImplTest
2023-02-23 23:04:43.218  INFO 7196 --- [    Test worker] .b.t.c.SpringBootTestContextBootstrapper : Loaded default TestExecutionListener class names from location [META-INF/spring.factories]: [org.springframework.boot.test.autoconfigure.restdocs.RestDocsTestExecutionListener, org.springframework.boot.test.autoconfigure.web.client.MockRestServiceServerResetTestExecutionListener, org.springframework.boot.test.autoconfigure.web.servlet.MockMvcPrintOnlyOnFailureTestExecutionListener, org.springframework.boot.test.autoconfigure.web.servlet.WebDriverTestExecutionListener, org.springframework.boot.test.mock.mockito.MockitoTestExecutionListener, org.springframework.boot.test.mock.mockito.ResetMocksTestExecutionListener, org.springframework.test.context.web.ServletTestExecutionListener, org.springframework.test.context.support.DirtiesContextBeforeModesTestExecutionListener, org.springframework.test.context.support.DependencyInjectionTestExecutionListener, org.springframework.test.context.support.DirtiesContextTestExecutionListener, org.springframework.test.context.transaction.TransactionalTestExecutionListener, org.springframework.test.context.jdbc.SqlScriptsTestExecutionListener, org.springframework.test.context.event.EventPublishingTestExecutionListener]
2023-02-23 23:04:43.219  INFO 7196 --- [    Test worker] .b.t.c.SpringBootTestContextBootstrapper : Using TestExecutionListeners: [org.springframework.test.context.web.ServletTestExecutionListener@1bbb0750, org.springframework.test.context.support.DirtiesContextBeforeModesTestExecutionListener@3105502b, org.springframework.boot.test.mock.mockito.MockitoTestExecutionListener@6682a459, org.springframework.boot.test.autoconfigure.SpringBootDependencyInjectionTestExecutionListener@63d6936, org.springframework.test.context.support.DirtiesContextTestExecutionListener@457f6f26, org.springframework.test.context.transaction.TransactionalTestExecutionListener@5e60fbaa, org.springframework.test.context.jdbc.SqlScriptsTestExecutionListener@2db33c53, org.springframework.test.context.event.EventPublishingTestExecutionListener@402a940a, org.springframework.boot.test.autoconfigure.restdocs.RestDocsTestExecutionListener@7e12d576, org.springframework.boot.test.autoconfigure.web.client.MockRestServiceServerResetTestExecutionListener@27f6dcb5, org.springframework.boot.test.autoconfigure.web.servlet.MockMvcPrintOnlyOnFailureTestExecutionListener@13133dbc, org.springframework.boot.test.autoconfigure.web.servlet.WebDriverTestExecutionListener@70d7110, org.springframework.boot.test.mock.mockito.ResetMocksTestExecutionListener@6fdcbde2]
2023-02-23 23:04:43.228 DEBUG 7196 --- [o-auto-1-exec-8] c.m.c.c.ReportingStructureController     : Received Reporting Structure read request for employee id [16a596ae-edd3-4847-99fe-c4518e82c86f]
2023-02-23 23:04:43.228 DEBUG 7196 --- [o-auto-1-exec-8] c.m.c.s.i.ReportingStructureServiceImpl  : Creating reporting structure for employee with id [16a596ae-edd3-4847-99fe-c4518e82c86f]
2023-02-23 23:04:43.229 DEBUG 7196 --- [o-auto-1-exec-8] c.m.c.s.i.ReportingStructureServiceImpl  : Retrieving Count of Direct Reports for employee with id [b7839309-3348-463b-a7e3-5de1c168beb3]
2023-02-23 23:04:43.229 DEBUG 7196 --- [o-auto-1-exec-8] c.m.c.service.impl.EmployeeServiceImpl   : Creating employee with id [b7839309-3348-463b-a7e3-5de1c168beb3]
2023-02-23 23:04:43.230 DEBUG 7196 --- [o-auto-1-exec-8] c.m.c.s.i.ReportingStructureServiceImpl  : Retrieving Count of Direct Reports for employee with id [03aa1462-ffa9-4978-901b-7c001562cf6f]
2023-02-23 23:04:43.230 DEBUG 7196 --- [o-auto-1-exec-8] c.m.c.service.impl.EmployeeServiceImpl   : Creating employee with id [03aa1462-ffa9-4978-901b-7c001562cf6f]
2023-02-23 23:04:43.245 DEBUG 7196 --- [o-auto-1-exec-9] c.m.c.c.ReportingStructureController     : Received Reporting Structure read request for employee id [03aa1462-ffa9-4978-901b-7c001562cf6f]
2023-02-23 23:04:43.246 DEBUG 7196 --- [o-auto-1-exec-9] c.m.c.s.i.ReportingStructureServiceImpl  : Creating reporting structure for employee with id [03aa1462-ffa9-4978-901b-7c001562cf6f]
2023-02-23 23:04:43.248 DEBUG 7196 --- [o-auto-1-exec-9] c.m.c.s.i.ReportingStructureServiceImpl  : Retrieving Count of Direct Reports for employee with id [62c1084e-6e34-4630-93fd-9153afb65309]
2023-02-23 23:04:43.248 DEBUG 7196 --- [o-auto-1-exec-9] c.m.c.service.impl.EmployeeServiceImpl   : Creating employee with id [62c1084e-6e34-4630-93fd-9153afb65309]
2023-02-23 23:04:43.249 DEBUG 7196 --- [o-auto-1-exec-9] c.m.c.s.i.ReportingStructureServiceImpl  : Retrieving Count of Direct Reports for employee with id [c0c2293d-16bd-4603-8e08-638a9d18b22c]
2023-02-23 23:04:43.249 DEBUG 7196 --- [o-auto-1-exec-9] c.m.c.service.impl.EmployeeServiceImpl   : Creating employee with id [c0c2293d-16bd-4603-8e08-638a9d18b22c]
2023-02-23 23:04:43.258 DEBUG 7196 --- [-auto-1-exec-10] c.m.c.c.ReportingStructureController     : Received Reporting Structure read request for employee id [b7839309-3348-463b-a7e3-5de1c168beb3]
2023-02-23 23:04:43.258 DEBUG 7196 --- [-auto-1-exec-10] c.m.c.s.i.ReportingStructureServiceImpl  : Creating reporting structure for employee with id [b7839309-3348-463b-a7e3-5de1c168beb3]
]]></system-out>
  <system-err><![CDATA[]]></system-err>
</testsuite>
