<?xml version="1.0" encoding="UTF-8"?>
<testsuite name="com.mindex.challenge.DataBootstrapTest" tests="1" skipped="0" failures="0" errors="0" timestamp="2023-02-24T04:04:41" hostname="LAPTOP-R4158RL4" time="0.058">
  <properties/>
  <testcase name="test" classname="com.mindex.challenge.DataBootstrapTest" time="0.058"/>
  <system-out><![CDATA[2023-02-23 23:04:41.693  INFO 7196 --- [    Test worker] .b.t.c.SpringBootTestContextBootstrapper : Neither @ContextConfiguration nor @ContextHierarchy found for test class [com.mindex.challenge.DataBootstrapTest], using SpringBootContextLoader
2023-02-23 23:04:41.694  INFO 7196 --- [    Test worker] o.s.t.c.support.AbstractContextLoader    : Could not detect default resource locations for test class [com.mindex.challenge.DataBootstrapTest]: no resource found for suffixes {-context.xml, Context.groovy}.
2023-02-23 23:04:41.694  INFO 7196 --- [    Test worker] t.c.s.AnnotationConfigContextLoaderUtils : Could not detect default configuration classes for test class [com.mindex.challenge.DataBootstrapTest]: DataBootstrapTest does not declare any static, non-private, non-final, nested classes annotated with @Configuration.
2023-02-23 23:04:41.695  INFO 7196 --- [    Test worker] .b.t.c.SpringBootTestContextBootstrapper : Found @SpringBootConfiguration com.mindex.challenge.ChallengeApplication for test class com.mindex.challenge.DataBootstrapTest
2023-02-23 23:04:41.696  INFO 7196 --- [    Test worker] .b.t.c.SpringBootTestContextBootstrapper : Loaded default TestExecutionListener class names from location [META-INF/spring.factories]: [org.springframework.boot.test.autoconfigure.restdocs.RestDocsTestExecutionListener, org.springframework.boot.test.autoconfigure.web.client.MockRestServiceServerResetTestExecutionListener, org.springframework.boot.test.autoconfigure.web.servlet.MockMvcPrintOnlyOnFailureTestExecutionListener, org.springframework.boot.test.autoconfigure.web.servlet.WebDriverTestExecutionListener, org.springframework.boot.test.mock.mockito.MockitoTestExecutionListener, org.springframework.boot.test.mock.mockito.ResetMocksTestExecutionListener, org.springframework.test.context.web.ServletTestExecutionListener, org.springframework.test.context.support.DirtiesContextBeforeModesTestExecutionListener, org.springframework.test.context.support.DependencyInjectionTestExecutionListener, org.springframework.test.context.support.DirtiesContextTestExecutionListener, org.springframework.test.context.transaction.TransactionalTestExecutionListener, org.springframework.test.context.jdbc.SqlScriptsTestExecutionListener, org.springframework.test.context.event.EventPublishingTestExecutionListener]
2023-02-23 23:04:41.696  INFO 7196 --- [    Test worker] .b.t.c.SpringBootTestContextBootstrapper : Using TestExecutionListeners: [org.springframework.test.context.web.ServletTestExecutionListener@735839f7, org.springframework.test.context.support.DirtiesContextBeforeModesTestExecutionListener@3330e3f, org.springframework.boot.test.mock.mockito.MockitoTestExecutionListener@76286357, org.springframework.boot.test.autoconfigure.SpringBootDependencyInjectionTestExecutionListener@69498f1c, org.springframework.test.context.support.DirtiesContextTestExecutionListener@5bec9443, org.springframework.test.context.transaction.TransactionalTestExecutionListener@40352bf7, org.springframework.test.context.jdbc.SqlScriptsTestExecutionListener@75b2da7d, org.springframework.test.context.event.EventPublishingTestExecutionListener@50a68ab8, org.springframework.boot.test.autoconfigure.restdocs.RestDocsTestExecutionListener@6fd74263, org.springframework.boot.test.autoconfigure.web.client.MockRestServiceServerResetTestExecutionListener@6d4b6fd, org.springframework.boot.test.autoconfigure.web.servlet.MockMvcPrintOnlyOnFailureTestExecutionListener@6556e568, org.springframework.boot.test.autoconfigure.web.servlet.WebDriverTestExecutionListener@1c14030, org.springframework.boot.test.mock.mockito.ResetMocksTestExecutionListener@54d0ce31]
]]></system-out>
  <system-err><![CDATA[]]></system-err>
</testsuite>
