<?xml version="1.0" encoding="UTF-8"?>
<testsuite name="com.mindex.challenge.service.impl.EmployeeServiceImplTest" tests="1" skipped="0" failures="0" errors="0" timestamp="2023-02-22T03:32:33" hostname="LAPTOP-R4158RL4" time="0.041">
  <properties/>
  <testcase name="testCreateReadUpdate" classname="com.mindex.challenge.service.impl.EmployeeServiceImplTest" time="0.041"/>
  <system-out><![CDATA[2023-02-21 22:32:33.522  INFO 6460 --- [    Test worker] .b.t.c.SpringBootTestContextBootstrapper : Neither @ContextConfiguration nor @ContextHierarchy found for test class [com.mindex.challenge.service.impl.EmployeeServiceImplTest], using SpringBootContextLoader
2023-02-21 22:32:33.523  INFO 6460 --- [    Test worker] o.s.t.c.support.AbstractContextLoader    : Could not detect default resource locations for test class [com.mindex.challenge.service.impl.EmployeeServiceImplTest]: no resource found for suffixes {-context.xml, Context.groovy}.
2023-02-21 22:32:33.523  INFO 6460 --- [    Test worker] t.c.s.AnnotationConfigContextLoaderUtils : Could not detect default configuration classes for test class [com.mindex.challenge.service.impl.EmployeeServiceImplTest]: EmployeeServiceImplTest does not declare any static, non-private, non-final, nested classes annotated with @Configuration.
2023-02-21 22:32:33.523  INFO 6460 --- [    Test worker] .b.t.c.SpringBootTestContextBootstrapper : Found @SpringBootConfiguration com.mindex.challenge.ChallengeApplication for test class com.mindex.challenge.service.impl.EmployeeServiceImplTest
2023-02-21 22:32:33.525  INFO 6460 --- [    Test worker] .b.t.c.SpringBootTestContextBootstrapper : Loaded default TestExecutionListener class names from location [META-INF/spring.factories]: [org.springframework.boot.test.autoconfigure.restdocs.RestDocsTestExecutionListener, org.springframework.boot.test.autoconfigure.web.client.MockRestServiceServerResetTestExecutionListener, org.springframework.boot.test.autoconfigure.web.servlet.MockMvcPrintOnlyOnFailureTestExecutionListener, org.springframework.boot.test.autoconfigure.web.servlet.WebDriverTestExecutionListener, org.springframework.boot.test.mock.mockito.MockitoTestExecutionListener, org.springframework.boot.test.mock.mockito.ResetMocksTestExecutionListener, org.springframework.test.context.web.ServletTestExecutionListener, org.springframework.test.context.support.DirtiesContextBeforeModesTestExecutionListener, org.springframework.test.context.support.DependencyInjectionTestExecutionListener, org.springframework.test.context.support.DirtiesContextTestExecutionListener, org.springframework.test.context.transaction.TransactionalTestExecutionListener, org.springframework.test.context.jdbc.SqlScriptsTestExecutionListener, org.springframework.test.context.event.EventPublishingTestExecutionListener]
2023-02-21 22:32:33.525  INFO 6460 --- [    Test worker] .b.t.c.SpringBootTestContextBootstrapper : Using TestExecutionListeners: [org.springframework.test.context.web.ServletTestExecutionListener@4748b9b0, org.springframework.test.context.support.DirtiesContextBeforeModesTestExecutionListener@7d3d381d, org.springframework.boot.test.mock.mockito.MockitoTestExecutionListener@297d6af, org.springframework.boot.test.autoconfigure.SpringBootDependencyInjectionTestExecutionListener@271e57ee, org.springframework.test.context.support.DirtiesContextTestExecutionListener@2519ef84, org.springframework.test.context.transaction.TransactionalTestExecutionListener@3170d6ea, org.springframework.test.context.jdbc.SqlScriptsTestExecutionListener@d6e5cc5, org.springframework.test.context.event.EventPublishingTestExecutionListener@581adba1, org.springframework.boot.test.autoconfigure.restdocs.RestDocsTestExecutionListener@32156ae9, org.springframework.boot.test.autoconfigure.web.client.MockRestServiceServerResetTestExecutionListener@5653dc7, org.springframework.boot.test.autoconfigure.web.servlet.MockMvcPrintOnlyOnFailureTestExecutionListener@7a92c1da, org.springframework.boot.test.autoconfigure.web.servlet.WebDriverTestExecutionListener@745bdafa, org.springframework.boot.test.mock.mockito.ResetMocksTestExecutionListener@6d00b4ba]
2023-02-21 22:32:33.542 DEBUG 6460 --- [o-auto-1-exec-5] c.m.c.controller.EmployeeController      : Received employee create request for [Employee{employeeId='null', firstName='John', lastName='Doe', position='Developer', department='Engineering', directReports=null}]
2023-02-21 22:32:33.545 DEBUG 6460 --- [o-auto-1-exec-5] c.m.c.service.impl.EmployeeServiceImpl   : Creating employee [Employee{employeeId='null', firstName='John', lastName='Doe', position='Developer', department='Engineering', directReports=null}]
2023-02-21 22:32:33.550 DEBUG 6460 --- [o-auto-1-exec-6] c.m.c.controller.EmployeeController      : Received employee create request for id [8690ad8e-eeec-4ffb-963e-170ca4e74e73]
2023-02-21 22:32:33.550 DEBUG 6460 --- [o-auto-1-exec-6] c.m.c.service.impl.EmployeeServiceImpl   : Creating employee with id [8690ad8e-eeec-4ffb-963e-170ca4e74e73]
2023-02-21 22:32:33.556 DEBUG 6460 --- [o-auto-1-exec-7] c.m.c.controller.EmployeeController      : Received employee create request for id [8690ad8e-eeec-4ffb-963e-170ca4e74e73] and employee [Employee{employeeId='8690ad8e-eeec-4ffb-963e-170ca4e74e73', firstName='John', lastName='Doe', position='Development Manager', department='Engineering', directReports=null}]
2023-02-21 22:32:33.556 DEBUG 6460 --- [o-auto-1-exec-7] c.m.c.service.impl.EmployeeServiceImpl   : Updating employee [Employee{employeeId='8690ad8e-eeec-4ffb-963e-170ca4e74e73', firstName='John', lastName='Doe', position='Development Manager', department='Engineering', directReports=null}]
]]></system-out>
  <system-err><![CDATA[]]></system-err>
</testsuite>
